<?xml version="1.0" encoding="utf-8" standalone="no"?>
<test-run id="2" testcasecount="1" result="Passed" total="1" passed="1" failed="0" inconclusive="0" skipped="0" asserts="0" engine-version="3.6.1.0" clr-version="4.0.30319.42000" start-time="2017-06-30 15:21:31Z" end-time="2017-06-30 15:21:35Z" duration="3.934600">
  <command-line><![CDATA[C:\Users\wcheng\Desktop\ConvertToVBNET\packages\NUnit.ConsoleRunner.3.6.1\tools\nunit3-console.exe  ConvertToVBNET.Test.dll ]]></command-line>
  <test-suite type="Assembly" id="0-1002" name="ConvertToVBNET.Test.dll" fullname="C:\Users\wcheng\ConvertToVBNET.Test.dll" runstate="Runnable" testcasecount="1" result="Passed" start-time="2017-06-30 15:21:35Z" end-time="2017-06-30 15:21:35Z" duration="0.057536" total="1" passed="1" failed="0" warnings="0" inconclusive="0" skipped="0" asserts="0">
    <environment framework-version="3.7.1.0" clr-version="4.0.30319.42000" os-version="Microsoft Windows NT 6.1.7601 Service Pack 1" platform="Win32NT" cwd="C:\Users\wcheng" machine-name="IMASKTHISONPURPOSE" user="wcheng" user-domain="IMASKTHISONPURPOSE" culture="en-US" uiculture="en-US" os-architecture="x64" />
    <settings>
      <setting name="DisposeRunners" value="True" />
      <setting name="WorkDirectory" value="C:\Users\wcheng" />
      <setting name="ImageRuntimeVersion" value="4.0.30319" />
      <setting name="ImageTargetFrameworkName" value=".NETFramework,Version=v4.6" />
      <setting name="ImageRequiresX86" value="False" />
      <setting name="ImageRequiresDefaultAppDomainAssemblyResolver" value="False" />
      <setting name="NumberOfTestWorkers" value="4" />
    </settings>
    <properties>
      <property name="_PID" value="8168" />
      <property name="_APPDOMAIN" value="domain-" />
    </properties>
    <test-suite type="TestFixture" id="0-1000" name="TargetTest" fullname="TargetTest" classname="TargetTest" runstate="Runnable" testcasecount="1" result="Passed" start-time="2017-06-30 15:21:35Z" end-time="2017-06-30 15:21:35Z" duration="0.024960" total="1" passed="1" failed="0" warnings="0" inconclusive="0" skipped="0" asserts="0">
      <test-case id="0-1001" name="DoSomethingTest" fullname="TargetTest.DoSomethingTest" methodname="DoSomethingTest" classname="TargetTest" runstate="Runnable" seed="1949401919" result="Passed" start-time="2017-06-30 15:21:35Z" end-time="2017-06-30 15:21:35Z" duration="0.006391" asserts="0" />
    </test-suite>
  </test-suite>
</test-run>